<?xml version="1.0" encoding="UTF-8"?>
<!-- Generated by org.testng.reporters.JUnitReportReporter -->
<testsuite hostname="ITLDR53SQ2" failures="0" tests="1" name="com.inetbanking.testCases.TC_LoginTest_001" time="6.002" errors="0" timestamp="2021-04-11T13:59:40 SAST" skipped="0">
  <testcase classname="com.inetbanking.testCases.TC_LoginTest_001" name="loginTest" time="6.002"/>
  <system-out/>
</testsuite> <!-- com.inetbanking.testCases.TC_LoginTest_001 -->
